This is pdfTeX, Version 3.14159265-2.6-1.40.20 (MiKTeX 2.9.7000 64-bit) (preloaded format=pdflatex 2019.5.5)  11 JUN 2019 14:18
entering extended mode
**./VikTeX.tex
(VikTeX.tex
LaTeX2e <2018-12-01>
(D:\bin\MiKTeX_2.9\tex/latex/base\book.cls
Document Class: book 2018/09/03 v1.4i Standard LaTeX document class
(D:\bin\MiKTeX_2.9\tex/latex/base\bk11.clo
File: bk11.clo 2018/09/03 v1.4i Standard LaTeX file (size option)
)
\c@part=\count80
\c@chapter=\count81
\c@section=\count82
\c@subsection=\count83
\c@subsubsection=\count84
\c@paragraph=\count85
\c@subparagraph=\count86
\c@figure=\count87
\c@table=\count88
\abovecaptionskip=\skip41
\belowcaptionskip=\skip42
\bibindent=\dimen102
)
\@input{packages.aux}
\openout2 = `packages.aux'.

(packages.tex (D:\bin\MiKTeX_2.9\tex/latex/xcolor\xcolor.sty
Package: xcolor 2016/05/11 v2.12 LaTeX color extensions (UK)

(D:\bin\MiKTeX_2.9\tex/latex/graphics-cfg\color.cfg
File: color.cfg 2016/01/02 v1.6 sample color configuration
)
Package xcolor Info: Driver file: pdftex.def on input line 225.

(D:\bin\MiKTeX_2.9\tex/latex/graphics-def\pdftex.def
File: pdftex.def 2018/01/08 v1.0l Graphics/color driver for pdftex
)
(D:\bin\MiKTeX_2.9\tex/latex/colortbl\colortbl.sty
Package: colortbl 2018/12/12 v1.0d Color table columns (DPC)

(D:\bin\MiKTeX_2.9\tex/latex/tools\array.sty
Package: array 2018/12/30 v2.4k Tabular extension package (FMi)
\col@sep=\dimen103
\ar@mcellbox=\box27
\extrarowheight=\dimen104
\NC@list=\toks14
\extratabsurround=\skip43
\backup@length=\skip44
\ar@cellbox=\box28
)
\everycr=\toks15
\minrowclearance=\skip45
)
\rownum=\count89
Package xcolor Info: Model `cmy' substituted by `cmy0' on input line 1348.
Package xcolor Info: Model `hsb' substituted by `rgb' on input line 1352.
Package xcolor Info: Model `RGB' extended on input line 1364.
Package xcolor Info: Model `HTML' substituted by `rgb' on input line 1366.
Package xcolor Info: Model `Hsb' substituted by `hsb' on input line 1367.
Package xcolor Info: Model `tHsb' substituted by `hsb' on input line 1368.
Package xcolor Info: Model `HSB' substituted by `hsb' on input line 1369.
Package xcolor Info: Model `Gray' substituted by `gray' on input line 1370.
Package xcolor Info: Model `wave' substituted by `hsb' on input line 1371.

(D:\bin\MiKTeX_2.9\tex/latex/graphics\dvipsnam.def
File: dvipsnam.def 2016/06/17 v3.0m Driver-dependent file (DPC,SPQR)
))
(D:\bin\MiKTeX_2.9\tex/latex/geometry\geometry.sty
Package: geometry 2018/04/16 v5.8 Page Geometry

(D:\bin\MiKTeX_2.9\tex/latex/graphics\keyval.sty
Package: keyval 2014/10/28 v1.15 key=value parser (DPC)
\KV@toks@=\toks16
)
(D:\bin\MiKTeX_2.9\tex/generic/oberdiek\ifpdf.sty
Package: ifpdf 2018/09/07 v3.3 Provides the ifpdf switch
)
(D:\bin\MiKTeX_2.9\tex/generic/oberdiek\ifvtex.sty
Package: ifvtex 2016/05/16 v1.6 Detect VTeX and its facilities (HO)
Package ifvtex Info: VTeX not detected.
)
(D:\bin\MiKTeX_2.9\tex/generic/ifxetex\ifxetex.sty
Package: ifxetex 2010/09/12 v0.6 Provides ifxetex conditional
)
\Gm@cnth=\count90
\Gm@cntv=\count91
\c@Gm@tempcnt=\count92
\Gm@bindingoffset=\dimen105
\Gm@wd@mp=\dimen106
\Gm@odd@mp=\dimen107
\Gm@even@mp=\dimen108
\Gm@layoutwidth=\dimen109
\Gm@layoutheight=\dimen110
\Gm@layouthoffset=\dimen111
\Gm@layoutvoffset=\dimen112
\Gm@dimlist=\toks17

(D:\bin\MiKTeX_2.9\tex/latex/geometry\geometry.cfg))
(D:\bin\MiKTeX_2.9\tex/latex/blindtext\blindtext.sty
Package: blindtext 2012/01/06 V2.0 blindtext-Package

(D:\bin\MiKTeX_2.9\tex/latex/tools\xspace.sty
Package: xspace 2014/10/28 v1.13 Space after command names (DPC,MH)
)
\c@blindtext=\count93
\c@Blindtext=\count94
\c@blind@countparstart=\count95
\blind@countxx=\count96
\blindtext@numBlindtext=\count97
\blind@countyy=\count98
\c@blindlist=\count99
\c@blindlistlevel=\count100
\c@blindlist@level=\count101
\blind@listitem=\count102
\c@blind@listcount=\count103
\c@blind@levelcount=\count104
\blind@mathformula=\count105
\blind@Mathformula=\count106
\c@blind@randomcount=\count107
\c@blind@randommax=\count108
\c@blind@pangramcount=\count109
\c@blind@pangrammax=\count110
)
(D:\bin\MiKTeX_2.9\tex/latex/bigfoot\bigfoot.sty
Package: bigfoot 2015/08/30 2.1 makes footnotes work

(D:\bin\MiKTeX_2.9\tex/latex/ncctools\manyfoot.sty
Package: manyfoot 2005/09/11 v1.10 Many Footnote Levels Package (NCC)

(D:\bin\MiKTeX_2.9\tex/latex/ncctools\nccfoots.sty
Package: nccfoots 2005/02/03 v1.2 NCC Footnotes Package (NCC)
)
\MFL@columnwidth=\dimen113
)
(D:\bin\MiKTeX_2.9\tex/latex/bigfoot\suffix.sty
Package: suffix 2006/07/15 1.5a Variant command support
)
(D:\bin\MiKTeX_2.9\tex/latex/bigfoot\perpage.sty
Package: perpage 2014/10/25 2.0 Reset/sort counters per page
\c@abspage=\count111
)
\footnotewidowpenalty=\count112
\footnoteclubpenalty=\count113
\finalfootnotewidowpenalty=\count114
\c@FN@totalid=\count115
\c@pp@a@FN@totalid=\count116
\FN@id=\count117
\FN@master=\marks1
\FN@slave=\marks2
\FN@color=\marks3
\FN@outervsize=\dimen114
\FN@vsize=\skip46
\FN@insertions=\box29
\FN@output=\toks18
\FN@tempbox=\box30
\FN@savebox=\insert199
\FN@topmarkbox=\box31
\FN@outputflag=\count118
\FN@myvsize=\dimen115
\bigfoottolerance=\count119
)
(D:\bin\MiKTeX_2.9\tex/latex/todonotes\todonotes.sty
Package: todonotes 2019/01/24 v1.1.2 Todonotes source and documentation.
Package: todonotes 2018/11/22

(D:\bin\MiKTeX_2.9\tex/latex/base\ifthen.sty
Package: ifthen 2014/09/29 v1.1c Standard LaTeX ifthen package (DPC)
)
(D:\bin\MiKTeX_2.9\tex/latex/xkeyval\xkeyval.sty
Package: xkeyval 2014/12/03 v2.7a package option processing (HA)

(D:\bin\MiKTeX_2.9\tex/generic/xkeyval\xkeyval.tex
(D:\bin\MiKTeX_2.9\tex/generic/xkeyval\xkvutils.tex
\XKV@toks=\toks19
\XKV@tempa@toks=\toks20
)
\XKV@depth=\count120
File: xkeyval.tex 2014/12/03 v2.7a key=value parser (HA)
))
(D:\bin\MiKTeX_2.9\tex/latex/pgf/frontendlayer\tikz.sty
(D:\bin\MiKTeX_2.9\tex/latex/pgf/basiclayer\pgf.sty
(D:\bin\MiKTeX_2.9\tex/latex/pgf/utilities\pgfrcs.sty
(D:\bin\MiKTeX_2.9\tex/generic/pgf/utilities\pgfutil-common.tex
\pgfutil@everybye=\toks21
\pgfutil@tempdima=\dimen116
\pgfutil@tempdimb=\dimen117

(D:\bin\MiKTeX_2.9\tex/generic/pgf/utilities\pgfutil-common-lists.tex))
(D:\bin\MiKTeX_2.9\tex/generic/pgf/utilities\pgfutil-latex.def
\pgfutil@abb=\box32

(D:\bin\MiKTeX_2.9\tex/latex/ms\everyshi.sty
Package: everyshi 2001/05/15 v3.00 EveryShipout Package (MS)
))
(D:\bin\MiKTeX_2.9\tex/generic/pgf/utilities\pgfrcs.code.tex
(D:\bin\MiKTeX_2.9\tex/generic/pgf\pgf.revision.tex)
Package: pgfrcs 2019/04/04 v3.1.2 (3.1.2)
))
Package: pgf 2019/04/04 v3.1.2 (3.1.2)

(D:\bin\MiKTeX_2.9\tex/latex/pgf/basiclayer\pgfcore.sty
(D:\bin\MiKTeX_2.9\tex/latex/graphics\graphicx.sty
Package: graphicx 2017/06/01 v1.1a Enhanced LaTeX Graphics (DPC,SPQR)

(D:\bin\MiKTeX_2.9\tex/latex/graphics\graphics.sty
Package: graphics 2017/06/25 v1.2c Standard LaTeX Graphics (DPC,SPQR)

(D:\bin\MiKTeX_2.9\tex/latex/graphics\trig.sty
Package: trig 2016/01/03 v1.10 sin cos tan (DPC)
)
(D:\bin\MiKTeX_2.9\tex/latex/graphics-cfg\graphics.cfg
File: graphics.cfg 2016/06/04 v1.11 sample graphics configuration
)
Package graphics Info: Driver file: pdftex.def on input line 99.
)
\Gin@req@height=\dimen118
\Gin@req@width=\dimen119
)
(D:\bin\MiKTeX_2.9\tex/latex/pgf/systemlayer\pgfsys.sty
(D:\bin\MiKTeX_2.9\tex/generic/pgf/systemlayer\pgfsys.code.tex
Package: pgfsys 2019/04/04 v3.1.2 (3.1.2)

(D:\bin\MiKTeX_2.9\tex/generic/pgf/utilities\pgfkeys.code.tex
\pgfkeys@pathtoks=\toks22
\pgfkeys@temptoks=\toks23

(D:\bin\MiKTeX_2.9\tex/generic/pgf/utilities\pgfkeysfiltered.code.tex
\pgfkeys@tmptoks=\toks24
))
\pgf@x=\dimen120
\pgf@y=\dimen121
\pgf@xa=\dimen122
\pgf@ya=\dimen123
\pgf@xb=\dimen124
\pgf@yb=\dimen125
\pgf@xc=\dimen126
\pgf@yc=\dimen127
\w@pgf@writea=\write3
\r@pgf@reada=\read1
\c@pgf@counta=\count121
\c@pgf@countb=\count122
\c@pgf@countc=\count123
\c@pgf@countd=\count124
\t@pgf@toka=\toks25
\t@pgf@tokb=\toks26
\t@pgf@tokc=\toks27
\pgf@sys@id@count=\count125

(D:\bin\MiKTeX_2.9\tex/generic/pgf/systemlayer\pgf.cfg
File: pgf.cfg 2019/04/04 v3.1.2 (3.1.2)
)
Driver file for pgf: pgfsys-pdftex.def

(D:\bin\MiKTeX_2.9\tex/generic/pgf/systemlayer\pgfsys-pdftex.def
File: pgfsys-pdftex.def 2019/04/04 v3.1.2 (3.1.2)

(D:\bin\MiKTeX_2.9\tex/generic/pgf/systemlayer\pgfsys-common-pdf.def
File: pgfsys-common-pdf.def 2019/04/04 v3.1.2 (3.1.2)
)))
(D:\bin\MiKTeX_2.9\tex/generic/pgf/systemlayer\pgfsyssoftpath.code.tex
File: pgfsyssoftpath.code.tex 2019/04/04 v3.1.2 (3.1.2)
\pgfsyssoftpath@smallbuffer@items=\count126
\pgfsyssoftpath@bigbuffer@items=\count127
)
(D:\bin\MiKTeX_2.9\tex/generic/pgf/systemlayer\pgfsysprotocol.code.tex
File: pgfsysprotocol.code.tex 2019/04/04 v3.1.2 (3.1.2)
))
(D:\bin\MiKTeX_2.9\tex/generic/pgf/basiclayer\pgfcore.code.tex
Package: pgfcore 2019/04/04 v3.1.2 (3.1.2)

(D:\bin\MiKTeX_2.9\tex/generic/pgf/math\pgfmath.code.tex
(D:\bin\MiKTeX_2.9\tex/generic/pgf/math\pgfmathcalc.code.tex
(D:\bin\MiKTeX_2.9\tex/generic/pgf/math\pgfmathutil.code.tex)
(D:\bin\MiKTeX_2.9\tex/generic/pgf/math\pgfmathparser.code.tex
\pgfmath@dimen=\dimen128
\pgfmath@count=\count128
\pgfmath@box=\box33
\pgfmath@toks=\toks28
\pgfmath@stack@operand=\toks29
\pgfmath@stack@operation=\toks30
)
(D:\bin\MiKTeX_2.9\tex/generic/pgf/math\pgfmathfunctions.code.tex
(D:\bin\MiKTeX_2.9\tex/generic/pgf/math\pgfmathfunctions.basic.code.tex)
(D:\bin\MiKTeX_2.9\tex/generic/pgf/math\pgfmathfunctions.trigonometric.code.tex
) (D:\bin\MiKTeX_2.9\tex/generic/pgf/math\pgfmathfunctions.random.code.tex)
(D:\bin\MiKTeX_2.9\tex/generic/pgf/math\pgfmathfunctions.comparison.code.tex)
(D:\bin\MiKTeX_2.9\tex/generic/pgf/math\pgfmathfunctions.base.code.tex)
(D:\bin\MiKTeX_2.9\tex/generic/pgf/math\pgfmathfunctions.round.code.tex)
(D:\bin\MiKTeX_2.9\tex/generic/pgf/math\pgfmathfunctions.misc.code.tex)
(D:\bin\MiKTeX_2.9\tex/generic/pgf/math\pgfmathfunctions.integerarithmetics.cod
e.tex))) (D:\bin\MiKTeX_2.9\tex/generic/pgf/math\pgfmathfloat.code.tex
\c@pgfmathroundto@lastzeros=\count129
))
(D:\bin\MiKTeX_2.9\tex/generic/pgf/basiclayer\pgfcorepoints.code.tex
File: pgfcorepoints.code.tex 2019/04/04 v3.1.2 (3.1.2)
\pgf@picminx=\dimen129
\pgf@picmaxx=\dimen130
\pgf@picminy=\dimen131
\pgf@picmaxy=\dimen132
\pgf@pathminx=\dimen133
\pgf@pathmaxx=\dimen134
\pgf@pathminy=\dimen135
\pgf@pathmaxy=\dimen136
\pgf@xx=\dimen137
\pgf@xy=\dimen138
\pgf@yx=\dimen139
\pgf@yy=\dimen140
\pgf@zx=\dimen141
\pgf@zy=\dimen142
)
(D:\bin\MiKTeX_2.9\tex/generic/pgf/basiclayer\pgfcorepathconstruct.code.tex
File: pgfcorepathconstruct.code.tex 2019/04/04 v3.1.2 (3.1.2)
\pgf@path@lastx=\dimen143
\pgf@path@lasty=\dimen144
)
(D:\bin\MiKTeX_2.9\tex/generic/pgf/basiclayer\pgfcorepathusage.code.tex
File: pgfcorepathusage.code.tex 2019/04/04 v3.1.2 (3.1.2)
\pgf@shorten@end@additional=\dimen145
\pgf@shorten@start@additional=\dimen146
)
(D:\bin\MiKTeX_2.9\tex/generic/pgf/basiclayer\pgfcorescopes.code.tex
File: pgfcorescopes.code.tex 2019/04/04 v3.1.2 (3.1.2)
\pgfpic=\box34
\pgf@hbox=\box35
\pgf@layerbox@main=\box36
\pgf@picture@serial@count=\count130
)
(D:\bin\MiKTeX_2.9\tex/generic/pgf/basiclayer\pgfcoregraphicstate.code.tex
File: pgfcoregraphicstate.code.tex 2019/04/04 v3.1.2 (3.1.2)
\pgflinewidth=\dimen147
)
(D:\bin\MiKTeX_2.9\tex/generic/pgf/basiclayer\pgfcoretransformations.code.tex
File: pgfcoretransformations.code.tex 2019/04/04 v3.1.2 (3.1.2)
\pgf@pt@x=\dimen148
\pgf@pt@y=\dimen149
\pgf@pt@temp=\dimen150
)
(D:\bin\MiKTeX_2.9\tex/generic/pgf/basiclayer\pgfcorequick.code.tex
File: pgfcorequick.code.tex 2019/04/04 v3.1.2 (3.1.2)
)
(D:\bin\MiKTeX_2.9\tex/generic/pgf/basiclayer\pgfcoreobjects.code.tex
File: pgfcoreobjects.code.tex 2019/04/04 v3.1.2 (3.1.2)
)
(D:\bin\MiKTeX_2.9\tex/generic/pgf/basiclayer\pgfcorepathprocessing.code.tex
File: pgfcorepathprocessing.code.tex 2019/04/04 v3.1.2 (3.1.2)
)
(D:\bin\MiKTeX_2.9\tex/generic/pgf/basiclayer\pgfcorearrows.code.tex
File: pgfcorearrows.code.tex 2019/04/04 v3.1.2 (3.1.2)
\pgfarrowsep=\dimen151
)
(D:\bin\MiKTeX_2.9\tex/generic/pgf/basiclayer\pgfcoreshade.code.tex
File: pgfcoreshade.code.tex 2019/04/04 v3.1.2 (3.1.2)
\pgf@max=\dimen152
\pgf@sys@shading@range@num=\count131
\pgf@shadingcount=\count132
)
(D:\bin\MiKTeX_2.9\tex/generic/pgf/basiclayer\pgfcoreimage.code.tex
File: pgfcoreimage.code.tex 2019/04/04 v3.1.2 (3.1.2)

(D:\bin\MiKTeX_2.9\tex/generic/pgf/basiclayer\pgfcoreexternal.code.tex
File: pgfcoreexternal.code.tex 2019/04/04 v3.1.2 (3.1.2)
\pgfexternal@startupbox=\box37
))
(D:\bin\MiKTeX_2.9\tex/generic/pgf/basiclayer\pgfcorelayers.code.tex
File: pgfcorelayers.code.tex 2019/04/04 v3.1.2 (3.1.2)
)
(D:\bin\MiKTeX_2.9\tex/generic/pgf/basiclayer\pgfcoretransparency.code.tex
File: pgfcoretransparency.code.tex 2019/04/04 v3.1.2 (3.1.2)
)
(D:\bin\MiKTeX_2.9\tex/generic/pgf/basiclayer\pgfcorepatterns.code.tex
File: pgfcorepatterns.code.tex 2019/04/04 v3.1.2 (3.1.2)
)
(D:\bin\MiKTeX_2.9\tex/generic/pgf/basiclayer\pgfcorerdf.code.tex
File: pgfcorerdf.code.tex 2019/04/04 v3.1.2 (3.1.2)
)))
(D:\bin\MiKTeX_2.9\tex/generic/pgf/modules\pgfmoduleshapes.code.tex
File: pgfmoduleshapes.code.tex 2019/04/04 v3.1.2 (3.1.2)
\pgfnodeparttextbox=\box38
)
(D:\bin\MiKTeX_2.9\tex/generic/pgf/modules\pgfmoduleplot.code.tex
File: pgfmoduleplot.code.tex 2019/04/04 v3.1.2 (3.1.2)
)
(D:\bin\MiKTeX_2.9\tex/latex/pgf/compatibility\pgfcomp-version-0-65.sty
Package: pgfcomp-version-0-65 2019/04/04 v3.1.2 (3.1.2)
\pgf@nodesepstart=\dimen153
\pgf@nodesepend=\dimen154
)
(D:\bin\MiKTeX_2.9\tex/latex/pgf/compatibility\pgfcomp-version-1-18.sty
Package: pgfcomp-version-1-18 2019/04/04 v3.1.2 (3.1.2)
))
(D:\bin\MiKTeX_2.9\tex/latex/pgf/utilities\pgffor.sty
(D:\bin\MiKTeX_2.9\tex/latex/pgf/utilities\pgfkeys.sty
(D:\bin\MiKTeX_2.9\tex/generic/pgf/utilities\pgfkeys.code.tex))
(D:\bin\MiKTeX_2.9\tex/latex/pgf/math\pgfmath.sty
(D:\bin\MiKTeX_2.9\tex/generic/pgf/math\pgfmath.code.tex))
(D:\bin\MiKTeX_2.9\tex/generic/pgf/utilities\pgffor.code.tex
Package: pgffor 2019/04/04 v3.1.2 (3.1.2)

(D:\bin\MiKTeX_2.9\tex/generic/pgf/math\pgfmath.code.tex)
\pgffor@iter=\dimen155
\pgffor@skip=\dimen156
\pgffor@stack=\toks31
\pgffor@toks=\toks32
))
(D:\bin\MiKTeX_2.9\tex/generic/pgf/frontendlayer/tikz\tikz.code.tex
Package: tikz 2019/04/04 v3.1.2 (3.1.2)

(D:\bin\MiKTeX_2.9\tex/generic/pgf/libraries\pgflibraryplothandlers.code.tex
File: pgflibraryplothandlers.code.tex 2019/04/04 v3.1.2 (3.1.2)
\pgf@plot@mark@count=\count133
\pgfplotmarksize=\dimen157
)
\tikz@lastx=\dimen158
\tikz@lasty=\dimen159
\tikz@lastxsaved=\dimen160
\tikz@lastysaved=\dimen161
\tikzleveldistance=\dimen162
\tikzsiblingdistance=\dimen163
\tikz@figbox=\box39
\tikz@figbox@bg=\box40
\tikz@tempbox=\box41
\tikz@tempbox@bg=\box42
\tikztreelevel=\count134
\tikznumberofchildren=\count135
\tikznumberofcurrentchild=\count136
\tikz@fig@count=\count137

(D:\bin\MiKTeX_2.9\tex/generic/pgf/modules\pgfmodulematrix.code.tex
File: pgfmodulematrix.code.tex 2019/04/04 v3.1.2 (3.1.2)
\pgfmatrixcurrentrow=\count138
\pgfmatrixcurrentcolumn=\count139
\pgf@matrix@numberofcolumns=\count140
)
\tikz@expandcount=\count141

(D:\bin\MiKTeX_2.9\tex/generic/pgf/frontendlayer/tikz/libraries\tikzlibrarytopa
ths.code.tex
File: tikzlibrarytopaths.code.tex 2019/04/04 v3.1.2 (3.1.2)
)))
(D:\bin\MiKTeX_2.9\tex/generic/pgf/frontendlayer/tikz/libraries\tikzlibraryposi
tioning.code.tex
File: tikzlibrarypositioning.code.tex 2019/04/04 v3.1.2 (3.1.2)
)
(D:\bin\MiKTeX_2.9\tex/generic/pgf/frontendlayer/tikz/libraries\tikzlibraryshad
ows.code.tex
File: tikzlibraryshadows.code.tex 2019/04/04 v3.1.2 (3.1.2)

(D:\bin\MiKTeX_2.9\tex/generic/pgf/frontendlayer/tikz/libraries\tikzlibraryfadi
ngs.code.tex
File: tikzlibraryfadings.code.tex 2019/04/04 v3.1.2 (3.1.2)

(D:\bin\MiKTeX_2.9\tex/generic/pgf/libraries\pgflibraryfadings.code.tex
File: pgflibraryfadings.code.tex 2019/04/04 v3.1.2 (3.1.2)
)))
(D:\bin\MiKTeX_2.9\tex/latex/tools\calc.sty
Package: calc 2017/05/25 v4.3 Infix arithmetic (KKT,FJ)
\calc@Acount=\count142
\calc@Bcount=\count143
\calc@Adimen=\dimen164
\calc@Bdimen=\dimen165
\calc@Askip=\skip47
\calc@Bskip=\skip48
LaTeX Info: Redefining \setlength on input line 80.
LaTeX Info: Redefining \addtolength on input line 81.
\calc@Ccount=\count144
\calc@Cskip=\skip49
)
\c@@todonotes@numberoftodonotes=\count145
)
(D:\bin\MiKTeX_2.9\tex/latex/base\shortvrb.sty
Package: shortvrb 2018/09/25 v2.1i Standard LaTeX documentation package (FMi)
)
(D:\bin\MiKTeX_2.9\tex/latex/base\inputenc.sty
Package: inputenc 2018/08/11 v1.3c Input encoding file
\inpenc@prehook=\toks33
\inpenc@posthook=\toks34
)
(D:\bin\MiKTeX_2.9\tex/latex/natbib\natbib.sty
Package: natbib 2010/09/13 8.31b (PWD, AO)
\bibhang=\skip50
\bibsep=\skip51
LaTeX Info: Redefining \cite on input line 694.
\c@NAT@ctr=\count146
)
(D:\bin\MiKTeX_2.9\tex/generic/babel\babel.sty
Package: babel 2019/04/01 3.28 The Babel package

(D:\bin\MiKTeX_2.9\tex/generic/babel\switch.def
File: switch.def 2019/04/01 3.28 Babel switching mechanism
)
*************************************
* Local config file bblopts.cfg used
*
(D:\bin\MiKTeX_2.9\tex/latex/arabi\bblopts.cfg
File: bblopts.cfg 2005/09/08 v0.1 add Arabic and Farsi to "declared" options of
 babel
)
(D:\bin\MiKTeX_2.9\tex/latex/babel-spanish\spanish.ldf
Language: spanish.ldf 2016/03/03 v5.0p Spanish support from the babel system

(D:\bin\MiKTeX_2.9\tex/generic/babel\babel.def
File: babel.def 2019/04/01 3.28 Babel common definitions
\babel@savecnt=\count147
\U@D=\dimen166

(D:\bin\MiKTeX_2.9\tex/generic/babel\txtbabel.def)
\bbl@dirlevel=\count148
)
\es@quottoks=\toks35
\es@quotdepth=\count149
Package babel Info: Making " an active character on input line 561.
Package babel Info: Making . an active character on input line 662.
Package babel Info: Making < an active character on input line 707.
Package babel Info: Making > an active character on input line 707.
))
(D:\bin\MiKTeX_2.9\tex/latex/url\url.sty
\Urlmuskip=\muskip10
Package: url 2013/09/16  ver 3.4  Verb mode for urls, etc.
)
(D:\bin\MiKTeX_2.9\tex/latex/base\makeidx.sty
Package: makeidx 2014/09/29 v1.0m Standard LaTeX package
)
(D:\bin\MiKTeX_2.9\tex/latex/tools\multicol.sty
Package: multicol 2018/12/27 v1.8v multicolumn formatting (FMi)
\c@tracingmulticols=\count150
\mult@box=\box43
\multicol@leftmargin=\dimen167
\c@unbalance=\count151
\c@collectmore=\count152
\doublecol@number=\count153
\multicoltolerance=\count154
\multicolpretolerance=\count155
\full@width=\dimen168
\page@free=\dimen169
\premulticols=\dimen170
\postmulticols=\dimen171
\multicolsep=\skip52
\multicolbaselineskip=\skip53
\partial@page=\box44
\last@line=\box45
\maxbalancingoverflow=\dimen172
\mult@rightbox=\box46
\mult@grightbox=\box47
\mult@gfirstbox=\box48
\mult@firstbox=\box49
\@tempa=\box50
\@tempa=\box51
\@tempa=\box52
\@tempa=\box53
\@tempa=\box54
\@tempa=\box55
\@tempa=\box56
\@tempa=\box57
\@tempa=\box58
\@tempa=\box59
\@tempa=\box60
\@tempa=\box61
\@tempa=\box62
\@tempa=\box63
\@tempa=\box64
\@tempa=\box65
\@tempa=\box66
\c@columnbadness=\count156
\c@finalcolumnbadness=\count157
\last@try=\dimen173
\multicolovershoot=\dimen174
\multicolundershoot=\dimen175
\mult@nat@firstbox=\box67
\colbreak@box=\box68
\mc@col@check@num=\count158
)
(D:\bin\MiKTeX_2.9\tex/latex/subfig\subfig.sty
Package: subfig 2005/06/28 ver: 1.3 subfig package

(D:\bin\MiKTeX_2.9\tex/latex/caption\caption.sty
Package: caption 2018/10/06 v3.3-154 Customizing captions (AR)

(D:\bin\MiKTeX_2.9\tex/latex/caption\caption3.sty
Package: caption3 2018/09/12 v1.8c caption3 kernel (AR)
Package caption3 Info: TeX engine: e-TeX on input line 64.
\captionmargin=\dimen176
\captionmargin@=\dimen177
\captionwidth=\dimen178
\caption@tempdima=\dimen179
\caption@indent=\dimen180
\caption@parindent=\dimen181
\caption@hangindent=\dimen182
)
\c@caption@flags=\count159
\c@ContinuedFloat=\count160
)
\c@KVtest=\count161
\sf@farskip=\skip54
\sf@captopadj=\dimen183
\sf@capskip=\skip55
\sf@nearskip=\skip56
\c@subfigure=\count162
\c@subfigure@save=\count163
\c@lofdepth=\count164
\c@subtable=\count165
\c@subtable@save=\count166
\c@lotdepth=\count167
\sf@top=\skip57
\sf@bottom=\skip58
)
(D:\bin\MiKTeX_2.9\tex/latex/listings\listings.sty
\lst@mode=\count168
\lst@gtempboxa=\box69
\lst@token=\toks36
\lst@length=\count169
\lst@currlwidth=\dimen184
\lst@column=\count170
\lst@pos=\count171
\lst@lostspace=\dimen185
\lst@width=\dimen186
\lst@newlines=\count172
\lst@lineno=\count173
\lst@maxwidth=\dimen187

(D:\bin\MiKTeX_2.9\tex/latex/listings\lstmisc.sty
File: lstmisc.sty 2019/02/27 1.8b (Carsten Heinz)
\c@lstnumber=\count174
\lst@skipnumbers=\count175
\lst@framebox=\box70
)
(D:\bin\MiKTeX_2.9\tex/latex/listings\listings.cfg
File: listings.cfg 2019/02/27 1.8b listings configuration
))
Package: listings 2019/02/27 1.8b (Carsten Heinz)

(D:\bin\MiKTeX_2.9\tex/latex/tools\tabularx.sty
Package: tabularx 2016/02/03 v2.11b `tabularx' package (DPC)
\TX@col@width=\dimen188
\TX@old@table=\dimen189
\TX@old@col=\dimen190
\TX@target=\dimen191
\TX@delta=\dimen192
\TX@cols=\count176
\TX@ftn=\toks37
)
(D:\bin\MiKTeX_2.9\tex/latex/base\fontenc.sty
Package: fontenc 2018/08/11 v2.0j Standard LaTeX package

(D:\bin\MiKTeX_2.9\tex/latex/base\t1enc.def
File: t1enc.def 2018/08/11 v2.0j Standard LaTeX file
LaTeX Font Info:    Redeclaring font encoding T1 on input line 48.
))
(D:\bin\MiKTeX_2.9\tex/latex/graphics\epsfig.sty
Package: epsfig 2017/06/25 v1.7b (e)psfig emulation (SPQR)
\epsfxsize=\dimen193
\epsfysize=\dimen194
)
(D:\bin\MiKTeX_2.9\tex/latex/titlesec\titlesec.sty
Package: titlesec 2016/03/21 v2.10.2 Sectioning titles
\ttl@box=\box71
\beforetitleunit=\skip59
\aftertitleunit=\skip60
\ttl@plus=\dimen195
\ttl@minus=\dimen196
\ttl@toksa=\toks38
\titlewidth=\dimen197
\titlewidthlast=\dimen198
\titlewidthfirst=\dimen256
)
(D:\bin\MiKTeX_2.9\tex/latex/tools\verbatim.sty
Package: verbatim 2014/10/28 v1.5q LaTeX2e package for verbatim enhancements
\every@verbatim=\toks39
\verbatim@line=\toks40
\verbatim@in@stream=\read2
)
(D:\bin\MiKTeX_2.9\tex/latex/fancyhdr\fancyhdr.sty
Package: fancyhdr 2019/01/31 v3.10 Extensive control of page headers and footer
s
\f@nch@headwidth=\skip61
\f@nch@O@elh=\skip62
\f@nch@O@erh=\skip63
\f@nch@O@olh=\skip64
\f@nch@O@orh=\skip65
\f@nch@O@elf=\skip66
\f@nch@O@erf=\skip67
\f@nch@O@olf=\skip68
\f@nch@O@orf=\skip69
))
(D:\bin\MiKTeX_2.9\tex/latex/hyperref\hyperref.sty
Package: hyperref 2018/11/30 v6.88e Hypertext links for LaTeX

(D:\bin\MiKTeX_2.9\tex/generic/oberdiek\hobsub-hyperref.sty
Package: hobsub-hyperref 2016/05/16 v1.14 Bundle oberdiek, subset hyperref (HO)


(D:\bin\MiKTeX_2.9\tex/generic/oberdiek\hobsub-generic.sty
Package: hobsub-generic 2016/05/16 v1.14 Bundle oberdiek, subset generic (HO)
Package: hobsub 2016/05/16 v1.14 Construct package bundles (HO)
Package: infwarerr 2016/05/16 v1.4 Providing info/warning/error messages (HO)
Package: ltxcmds 2016/05/16 v1.23 LaTeX kernel commands for general use (HO)
Package: ifluatex 2016/05/16 v1.4 Provides the ifluatex switch (HO)
Package ifluatex Info: LuaTeX not detected.
Package hobsub Info: Skipping package `ifvtex' (already loaded).
Package: intcalc 2016/05/16 v1.2 Expandable calculations with integers (HO)
Package hobsub Info: Skipping package `ifpdf' (already loaded).
Package: etexcmds 2016/05/16 v1.6 Avoid name clashes with e-TeX commands (HO)
Package: kvsetkeys 2016/05/16 v1.17 Key value parser (HO)
Package: kvdefinekeys 2016/05/16 v1.4 Define keys (HO)
Package: pdftexcmds 2018/09/10 v0.29 Utility functions of pdfTeX for LuaTeX (HO
)
Package pdftexcmds Info: LuaTeX not detected.
Package pdftexcmds Info: \pdf@primitive is available.
Package pdftexcmds Info: \pdf@ifprimitive is available.
Package pdftexcmds Info: \pdfdraftmode found.
Package: pdfescape 2016/05/16 v1.14 Implements pdfTeX's escape features (HO)
Package: bigintcalc 2016/05/16 v1.4 Expandable calculations on big integers (HO
)
Package: bitset 2016/05/16 v1.2 Handle bit-vector datatype (HO)
Package: uniquecounter 2016/05/16 v1.3 Provide unlimited unique counter (HO)
)
Package hobsub Info: Skipping package `hobsub' (already loaded).
Package: letltxmacro 2016/05/16 v1.5 Let assignment for LaTeX macros (HO)
Package: hopatch 2016/05/16 v1.3 Wrapper for package hooks (HO)
Package: xcolor-patch 2016/05/16 xcolor patch
Package: atveryend 2016/05/16 v1.9 Hooks at the very end of document (HO)
Package atveryend Info: \enddocument detected (standard20110627).
Package: atbegshi 2016/06/09 v1.18 At begin shipout hook (HO)
Package: refcount 2016/05/16 v3.5 Data extraction from label references (HO)
Package: hycolor 2016/05/16 v1.8 Color options for hyperref/bookmark (HO)
)
(D:\bin\MiKTeX_2.9\tex/latex/oberdiek\auxhook.sty
Package: auxhook 2016/05/16 v1.4 Hooks for auxiliary files (HO)
)
(D:\bin\MiKTeX_2.9\tex/latex/oberdiek\kvoptions.sty
Package: kvoptions 2016/05/16 v3.12 Key value format for package options (HO)
)
\@linkdim=\dimen257
\Hy@linkcounter=\count177
\Hy@pagecounter=\count178

(D:\bin\MiKTeX_2.9\tex/latex/hyperref\pd1enc.def
File: pd1enc.def 2018/11/30 v6.88e Hyperref: PDFDocEncoding definition (HO)
Now handling font encoding PD1 ...
... no UTF-8 mapping file for font encoding PD1
)
\Hy@SavedSpaceFactor=\count179

(D:\bin\MiKTeX_2.9\tex/latex/00miktex\hyperref.cfg
File: hyperref.cfg 2002/06/06 v1.2 hyperref configuration of TeXLive
)
Package hyperref Info: Option `hyperfootnotes' set `false' on input line 4393.
Package hyperref Info: Hyper figures OFF on input line 4519.
Package hyperref Info: Link nesting OFF on input line 4524.
Package hyperref Info: Hyper index ON on input line 4527.
Package hyperref Info: Plain pages OFF on input line 4534.
Package hyperref Info: Backreferencing OFF on input line 4539.
Package hyperref Info: Implicit mode ON; LaTeX internals redefined.
Package hyperref Info: Bookmarks ON on input line 4772.
\c@Hy@tempcnt=\count180
LaTeX Info: Redefining \url on input line 5125.
\XeTeXLinkMargin=\dimen258
\Fld@menulength=\count181
\Field@Width=\dimen259
\Fld@charsize=\dimen260
Package hyperref Info: Hyper figures OFF on input line 6380.
Package hyperref Info: Link nesting OFF on input line 6385.
Package hyperref Info: Hyper index ON on input line 6388.
Package hyperref Info: backreferencing OFF on input line 6395.
Package hyperref Info: Link coloring OFF on input line 6400.
Package hyperref Info: Link coloring with OCG OFF on input line 6405.
Package hyperref Info: PDF/A mode OFF on input line 6410.
LaTeX Info: Redefining \ref on input line 6450.
LaTeX Info: Redefining \pageref on input line 6454.
\Hy@abspage=\count182
\c@Item=\count183
)
Package hyperref Info: Driver (autodetected): hpdftex.

(D:\bin\MiKTeX_2.9\tex/latex/hyperref\hpdftex.def
File: hpdftex.def 2018/11/30 v6.88e Hyperref driver for pdfTeX
\Fld@listcount=\count184
\c@bookmark@seq@number=\count185

(D:\bin\MiKTeX_2.9\tex/latex/oberdiek\rerunfilecheck.sty
Package: rerunfilecheck 2016/05/16 v1.8 Rerun checks for auxiliary files (HO)
Package uniquecounter Info: New unique counter `rerunfilecheck' on input line 2
82.
)
\Hy@SectionHShift=\skip70
)
\@input{config.aux}
\openout2 = `config.aux'.

(config.tex)
\@input{definitions.aux}
\openout2 = `definitions.aux'.

(definitions.tex)
\@input{includes/customCommands.aux}
\openout2 = `includes/customCommands.aux'.

(includes/customCommands.tex)
\@input{includes/setup.aux}
\openout2 = `includes/setup.aux'.

(includes/setup.tex
*geometry* verbose mode - [ newgeometry ] result:
* driver: 
* paper: a4paper
* layout: <same size as paper>
* layoutoffset:(h,v)=(0.0pt,0.0pt)
* modes: twoside 
* h-part:(L,W,R)=(113.81102pt, 398.3386pt, 85.35826pt)
* v-part:(T,H,B)=(101.40665pt, 591.5302pt, 152.11pt)
* \paperwidth=597.50787pt
* \paperheight=845.04684pt
* \textwidth=398.3386pt
* \textheight=591.5302pt
* \oddsidemargin=41.54103pt
* \evensidemargin=13.08827pt
* \topmargin=-2.73714pt
* \headheight=12.0pt
* \headsep=19.8738pt
* \topskip=11.0pt
* \footskip=27.46295pt
* \marginparwidth=106.0pt
* \marginparsep=7.0pt
* \columnsep=10.0pt
* \skip\footins=10.0pt plus 4.0pt minus 2.0pt
* \hoffset=0.0pt
* \voffset=0.0pt
* \mag=1000
* \@twocolumnfalse
* \@twosidetrue
* \@mparswitchtrue
* \@reversemarginfalse
* (1in=72.27pt=25.4mm, 1cm=28.453pt)

) (VikTeX.aux (includes/cover.aux)
LaTeX Info: Redefining \. on input line 24.
LaTeX Info: Redefining \% on input line 24.
 (includes/dedication.aux) (includes/acknowledgments.aux) (includes/abstract.au
x) (includes/indexes.aux)
(chapters/1_0_introduction.aux) (chapters/2_0_justification.aux

LaTeX Warning: Label `intro' multiply defined.

) (chapters/3_0_objective.aux

LaTeX Warning: Label `intro' multiply defined.

) (appendix/1_sourcecode.aux) (includes/bibliography.aux))
\openout1 = `VikTeX.aux'.

LaTeX Font Info:    Checking defaults for OML/cmm/m/it on input line 11.
LaTeX Font Info:    ... okay on input line 11.
LaTeX Font Info:    Checking defaults for T1/cmr/m/n on input line 11.
LaTeX Font Info:    ... okay on input line 11.
LaTeX Font Info:    Checking defaults for OT1/cmr/m/n on input line 11.
LaTeX Font Info:    ... okay on input line 11.
LaTeX Font Info:    Checking defaults for OMS/cmsy/m/n on input line 11.
LaTeX Font Info:    ... okay on input line 11.
LaTeX Font Info:    Checking defaults for OMX/cmex/m/n on input line 11.
LaTeX Font Info:    ... okay on input line 11.
LaTeX Font Info:    Checking defaults for U/cmr/m/n on input line 11.
LaTeX Font Info:    ... okay on input line 11.
LaTeX Font Info:    Checking defaults for PD1/pdf/m/n on input line 11.
LaTeX Font Info:    ... okay on input line 11.

(D:\bin\MiKTeX_2.9\tex/context/base/mkii\supp-pdf.mkii
[Loading MPS to PDF converter (version 2006.09.02).]
\scratchcounter=\count186
\scratchdimen=\dimen261
\scratchbox=\box72
\nofMPsegments=\count187
\nofMParguments=\count188
\everyMPshowfont=\toks41
\MPscratchCnt=\count189
\MPscratchDim=\dimen262
\MPnumerator=\count190
\makeMPintoPDFobject=\count191
\everyMPtoPDFconversion=\toks42
) (D:\bin\MiKTeX_2.9\tex/latex/oberdiek\epstopdf-base.sty
Package: epstopdf-base 2016/05/15 v2.6 Base part for package epstopdf

(D:\bin\MiKTeX_2.9\tex/latex/oberdiek\grfext.sty
Package: grfext 2016/05/16 v1.2 Manage graphics extensions (HO)
)
Package epstopdf-base Info: Redefining graphics rule for `.eps' on input line 4
38.
Package grfext Info: Graphics extension search list:
(grfext)             [.pdf,.png,.jpg,.mps,.jpeg,.jbig2,.jb2,.PDF,.PNG,.JPG,.JPE
G,.JBIG2,.JB2,.eps]
(grfext)             \AppendGraphicsExtensions on input line 456.
)
*geometry* driver: auto-detecting
*geometry* detected driver: pdftex
*geometry* verbose mode - [ preamble ] result:
* driver: pdftex
* paper: a4paper
* layout: <same size as paper>
* layoutoffset:(h,v)=(0.0pt,0.0pt)
* modes: twoside 
* h-part:(L,W,R)=(113.81102pt, 398.3386pt, 85.35826pt)
* v-part:(T,H,B)=(101.40665pt, 591.5302pt, 152.11pt)
* \paperwidth=597.50787pt
* \paperheight=845.04684pt
* \textwidth=398.3386pt
* \textheight=591.5302pt
* \oddsidemargin=41.54103pt
* \evensidemargin=13.08827pt
* \topmargin=-2.73714pt
* \headheight=14.0pt
* \headsep=19.8738pt
* \topskip=11.0pt
* \footskip=27.46295pt
* \marginparwidth=106.0pt
* \marginparsep=7.0pt
* \columnsep=10.0pt
* \skip\footins=10.0pt plus 4.0pt minus 2.0pt
* \hoffset=0.0pt
* \voffset=0.0pt
* \mag=1000
* \@twocolumnfalse
* \@twosidetrue
* \@mparswitchtrue
* \@reversemarginfalse
* (1in=72.27pt=25.4mm, 1cm=28.453pt)

\footinsdefault=\insert252
\FN@cache252=\box73
ABD: EveryShipout initializing macros
LaTeX Info: Redefining \. on input line 11.
LaTeX Info: Redefining \% on input line 11.
Package caption Info: Begin \AtBeginDocument code.
Package caption Info: subfig package v1.3 is loaded.
Package caption Info: hyperref package is loaded.
Package caption Info: listings package is loaded.
Package caption Info: End \AtBeginDocument code.
\c@lstlisting=\count192
\AtBeginShipoutBox=\box74
Package hyperref Info: Link coloring OFF on input line 11.

(D:\bin\MiKTeX_2.9\tex/latex/hyperref\nameref.sty
Package: nameref 2016/05/21 v2.44 Cross-referencing by name of section

(D:\bin\MiKTeX_2.9\tex/generic/oberdiek\gettitlestring.sty
Package: gettitlestring 2016/05/16 v1.5 Cleanup title references (HO)
)
\c@section@level=\count193
)
LaTeX Info: Redefining \ref on input line 11.
LaTeX Info: Redefining \pageref on input line 11.
LaTeX Info: Redefining \nameref on input line 11.
 (VikTeX.out)
(VikTeX.out)
\@outlinefile=\write4
\openout4 = `VikTeX.out'.

\openout2 = `includes/cover.aux'.

 (includes/cover.tex
\cambioIzquierdo=\skip71
\cambioDerecho=\skip72
\margenPortada=\skip73
*geometry* verbose mode - [ newgeometry ] result:
* driver: pdftex
* paper: a4paper
* layout: <same size as paper>
* layoutoffset:(h,v)=(0.0pt,0.0pt)
* modes: twoside 
* h-part:(L,W,R)=(56.9055pt, 455.24411pt, 85.35826pt)
* v-part:(T,H,B)=(56.9055pt, 686.7347pt, 101.40665pt)
* \paperwidth=597.50787pt
* \paperheight=845.04684pt
* \textwidth=455.24411pt
* \textheight=686.7347pt
* \oddsidemargin=-15.36449pt
* \evensidemargin=13.08827pt
* \topmargin=-49.23828pt
* \headheight=14.0pt
* \headsep=19.8738pt
* \topskip=11.0pt
* \footskip=27.46295pt
* \marginparwidth=106.0pt
* \marginparsep=7.0pt
* \columnsep=10.0pt
* \skip\footins=10.0pt plus 4.0pt minus 2.0pt
* \hoffset=0.0pt
* \voffset=0.0pt
* \mag=1000
* \@twocolumnfalse
* \@twosidetrue
* \@mparswitchtrue
* \@reversemarginfalse
* (1in=72.27pt=25.4mm, 1cm=28.453pt)

\evensidemarginOriginal=\skip74
\oddsidemarginOriginal=\skip75
<includes/323x386_ESCUDOCOLOR.jpg, id=82, 324.21124pt x 387.4475pt>
File: includes/323x386_ESCUDOCOLOR.jpg Graphic file (type jpg)
<use includes/323x386_ESCUDOCOLOR.jpg>
Package pdftex.def Info: includes/323x386_ESCUDOCOLOR.jpg  used on input line 4
1.
(pdftex.def)             Requested size: 64.8411pt x 77.48811pt.
 [1















{C:/Users/jgomezm/AppData/Local/MiKTeX/2.9/pdftex/config/pdftex.map} <./include
s/323x386_ESCUDOCOLOR.jpg>] [2

] [3]
<includes/by-nc-sa.png, id=105, 97.0827pt x 33.9669pt>
File: includes/by-nc-sa.png Graphic file (type png)
<use includes/by-nc-sa.png>
Package pdftex.def Info: includes/by-nc-sa.png  used on input line 130.
(pdftex.def)             Requested size: 97.08244pt x 33.96681pt.
 [4 <./includes/by-nc-sa.png>]) [5]
\openout2 = `includes/dedication.aux'.

 (includes/dedication.tex [6



] [7])
\openout2 = `includes/acknowledgments.aux'.


No file includes/acknowledgments.tex.
\openout2 = `includes/abstract.aux'.

(includes/abstract.tex [8





]

Package blindtext Warning: spanish not defined, using English instead.
(blindtext)                 on input line 6.


Package blindtext Warning: spanish not defined, using English instead.
(blindtext)                 on input line 6.

[9] [10

]

Package blindtext Warning: spanish not defined, using English instead.
(blindtext)                 on input line 16.


Package blindtext Warning: spanish not defined, using English instead.
(blindtext)                 on input line 16.

) [11]
\openout2 = `includes/indexes.aux'.

 (includes/indexes.tex [12



] (VikTeX.toc
LaTeX Info: Redefining \. on input line 1.
LaTeX Info: Redefining \% on input line 1.
LaTeX Font Info:    External font `cmex10' loaded for size
(Font)              <10.95> on input line 7.
LaTeX Font Info:    External font `cmex10' loaded for size
(Font)              <8> on input line 7.
LaTeX Font Info:    External font `cmex10' loaded for size
(Font)              <6> on input line 7.
)
\tf@toc=\write5
\openout5 = `VikTeX.toc'.

) [13

] [14


]
\openout2 = `chapters/1_0_introduction.aux'.


(chapters/1_0_introduction.tex
Cap\'{\i }tulo 1.
<chapters/img/Ch01_UsoRedesSocialesLima.PNG, id=171, 326.72063pt x 283.0575pt>
File: chapters/img/Ch01_UsoRedesSocialesLima.PNG Graphic file (type png)
<use chapters/img/Ch01_UsoRedesSocialesLima.PNG>
Package pdftex.def Info: chapters/img/Ch01_UsoRedesSocialesLima.PNG  used on in
put line 26.
(pdftex.def)             Requested size: 228.70287pt x 198.13889pt.
<chapters/img/Ch01_UsoRedesSocialesGeneracion.PNG, id=172, 681.29532pt x 251.43
938pt>
File: chapters/img/Ch01_UsoRedesSocialesGeneracion.PNG Graphic file (type png)
<use chapters/img/Ch01_UsoRedesSocialesGeneracion.PNG>
Package pdftex.def Info: chapters/img/Ch01_UsoRedesSocialesGeneracion.PNG  used
 on input line 34.
(pdftex.def)             Requested size: 340.64682pt x 125.71938pt.
[1


]
LaTeX Info: Redefining \. on input line 42.
LaTeX Info: Redefining \% on input line 42.
 [2 <./chapters/img/Ch01_UsoRedesSocialesLima.PNG> <./chapters/img/Ch01_UsoRede
sSocialesGeneracion.PNG>])
\openout2 = `chapters/2_0_justification.aux'.

 (chapters/2_0_justification.tex
Cap\'{\i }tulo 2.

Underfull \hbox (badness 10000) in paragraph at lines 6--7

 []


Underfull \hbox (badness 10000) in paragraph at lines 8--12

 []

[3




] [4

])
\openout2 = `chapters/3_0_objective.aux'.

 (chapters/3_0_objective.tex
Cap\'{\i }tulo 3.
[5



] [6

])
\openout2 = `appendix/1_sourcecode.aux'.

 (appendix/1_sourcecode.tex
Ap\'{e}ndice A.

Package blindtext Warning: spanish not defined, using English instead.
(blindtext)                 on input line 2.


Package blindtext Warning: spanish not defined, using English instead.
(blindtext)                 on input line 2.


Package blindtext Warning: spanish not defined, using English instead.
(blindtext)                 on input line 2.


Package blindtext Warning: spanish not defined, using English instead.
(blindtext)                 on input line 2.


Underfull \vbox (badness 1694) has occurred while \output is active []

 [7



])
LaTeX Info: Redefining \. on input line 38.
LaTeX Info: Redefining \% on input line 38.

[8]
Package atveryend Info: Empty hook `BeforeClearDocument' on input line 51.
Package atveryend Info: Empty hook `AfterLastShipout' on input line 51.
 (VikTeX.aux (includes/cover.aux)
LaTeX Info: Redefining \. on input line 24.
LaTeX Info: Redefining \% on input line 24.
 (includes/dedication.aux)
(includes/acknowledgments.aux) (includes/abstract.aux) (includes/indexes.aux)
(chapters/1_0_introduction.aux) (chapters/2_0_justification.aux)
(chapters/3_0_objective.aux) (appendix/1_sourcecode.aux))
Package atveryend Info: Executing hook `AtVeryEndDocument' on input line 51.
Package atveryend Info: Executing hook `AtEndAfterFileList' on input line 51.


Package rerunfilecheck Warning: File `VikTeX.out' has changed.
(rerunfilecheck)                Rerun to get outlines right
(rerunfilecheck)                or use package `bookmark'.

Package rerunfilecheck Info: Checksums for `VikTeX.out':
(rerunfilecheck)             Before: 17274BCF5AB84D8767CA0FADDF9E5956;745
(rerunfilecheck)             After:  566F0AD92DD72695D3F05507018F104F;693.

LaTeX Warning: There were multiply-defined labels.

Package atveryend Info: Empty hook `AtVeryVeryEnd' on input line 51.
 ) 
Here is how much of TeX's memory you used:
 21755 strings out of 492945
 390787 string characters out of 3139948
 507568 words of memory out of 3000000
 25125 multiletter control sequences out of 15000+200000
 19736 words of font info for 41 fonts, out of 3000000 for 9000
 1141 hyphenation exceptions out of 8191
 66i,11n,98p,796b,482s stack positions out of 5000i,500n,10000p,200000b,50000s
pdfTeX warning (dest): name{appendix*.6} has been referenced but does not exi
st, replaced by a fixed one

 <C:\Users\jgomezm\AppData\Local\MiKTeX\2.9\fonts/pk/ljfour/jknappen/ec/dpi600\
ecxc1095.pk> <C:\Users\jgomezm\AppData\Local\MiKTeX\2.9\fonts/pk/ljfour/jknappe
n/ec/dpi600\eccc1095.pk> <C:\Users\jgomezm\AppData\Local\MiKTeX\2.9\fonts/pk/lj
four/jknappen/ec/dpi600\ecrm0900.pk> <C:\Users\jgomezm\AppData\Local\MiKTeX\2.9
\fonts/pk/ljfour/jknappen/ec/dpi600\ecti1000.pk> <C:\Users\jgomezm\AppData\Loca
l\MiKTeX\2.9\fonts/pk/ljfour/jknappen/ec/dpi600\ecbx2488.pk> <C:\Users\jgomezm\
AppData\Local\MiKTeX\2.9\fonts/pk/ljfour/jknappen/ec/dpi600\ecti1095.pk> <C:\Us
ers\jgomezm\AppData\Local\MiKTeX\2.9\fonts/pk/ljfour/jknappen/ec/dpi600\ecbx109
5.pk> <C:\Users\jgomezm\AppData\Local\MiKTeX\2.9\fonts/pk/ljfour/jknappen/ec/dp
i600\ecrm1200.pk> <C:\Users\jgomezm\AppData\Local\MiKTeX\2.9\fonts/pk/ljfour/jk
nappen/ec/dpi600\ecrm2488.pk> <C:\Users\jgomezm\AppData\Local\MiKTeX\2.9\fonts/
pk/ljfour/jknappen/ec/dpi600\eccc1000.pk> <C:\Users\jgomezm\AppData\Local\MiKTe
X\2.9\fonts/pk/ljfour/jknappen/ec/dpi600\ecrm1000.pk> <C:\Users\jgomezm\AppData
\Local\MiKTeX\2.9\fonts/pk/ljfour/jknappen/ec/dpi600\ecti1200.pk> <C:\Users\jgo
mezm\AppData\Local\MiKTeX\2.9\fonts/pk/ljfour/jknappen/ec/dpi600\ecbx1200.pk> <
C:\Users\jgomezm\AppData\Local\MiKTeX\2.9\fonts/pk/ljfour/jknappen/ec/dpi600\ec
rm1095.pk> <C:\Users\jgomezm\AppData\Local\MiKTeX\2.9\fonts/pk/ljfour/jknappen/
ec/dpi600\ecbx1440.pk> <C:\Users\jgomezm\AppData\Local\MiKTeX\2.9\fonts/pk/ljfo
ur/jknappen/ec/dpi600\ecbx2074.pk>
Output written on VikTeX.pdf (22 pages, 418560 bytes).
PDF statistics:
 722 PDF objects out of 1000 (max. 8388607)
 39 named destinations out of 1000 (max. 500000)
 233 words of extra memory for PDF output out of 10000 (max. 10000000)

